<?xml version="1.0" encoding="UTF-8"?>
<testsuite xmlns:xsi="http://www.w3.org/2001/XMLSchema-instance" xsi:noNamespaceSchemaLocation="https://maven.apache.org/surefire/maven-surefire-plugin/xsd/surefire-test-report.xsd" name="com.oussama.AppTest" time="0.09" tests="1" errors="0" skipped="0" failures="0">
  <properties>
    <property name="java.specification.version" value="17"/>
    <property name="sun.jnu.encoding" value="UTF-8"/>
    <property name="java.class.path" value="/home/apollo/Desktop/market-visualizer/market_visualizer/marketvisualizer/target/test-classes:/home/apollo/Desktop/market-visualizer/market_visualizer/marketvisualizer/target/classes:/home/apollo/.m2/repository/org/openjfx/javafx-controls/17.0.2/javafx-controls-17.0.2.jar:/home/apollo/.m2/repository/org/openjfx/javafx-controls/17.0.2/javafx-controls-17.0.2-linux.jar:/home/apollo/.m2/repository/org/openjfx/javafx-graphics/17.0.2/javafx-graphics-17.0.2.jar:/home/apollo/.m2/repository/org/openjfx/javafx-graphics/17.0.2/javafx-graphics-17.0.2-linux.jar:/home/apollo/.m2/repository/org/openjfx/javafx-base/17.0.2/javafx-base-17.0.2.jar:/home/apollo/.m2/repository/org/openjfx/javafx-base/17.0.2/javafx-base-17.0.2-linux.jar:/home/apollo/.m2/repository/org/openjfx/javafx-fxml/17.0.2/javafx-fxml-17.0.2.jar:/home/apollo/.m2/repository/org/openjfx/javafx-fxml/17.0.2/javafx-fxml-17.0.2-linux.jar:/home/apollo/.m2/repository/com/jfoenix/jfoenix/9.0.10/jfoenix-9.0.10.jar:/home/apollo/.m2/repository/io/github/palexdev/materialfx/11.13.5/materialfx-11.13.5.jar:/home/apollo/.m2/repository/io/github/palexdev/virtualizedfx/11.2.6/virtualizedfx-11.2.6.jar:/home/apollo/.m2/repository/org/controlsfx/controlsfx/11.2.2/controlsfx-11.2.2.jar:/home/apollo/.m2/repository/org/reactfx/reactfx/2.0-M5/reactfx-2.0-M5.jar:/home/apollo/.m2/repository/junit/junit/4.11/junit-4.11.jar:/home/apollo/.m2/repository/org/hamcrest/hamcrest-core/1.3/hamcrest-core-1.3.jar:/home/apollo/.m2/repository/org/json/json/20140107/json-20140107.jar:"/>
    <property name="java.vm.vendor" value="Eclipse Adoptium"/>
    <property name="sun.arch.data.model" value="64"/>
    <property name="java.vendor.url" value="https://adoptium.net/"/>
    <property name="os.name" value="Linux"/>
    <property name="java.vm.specification.version" value="17"/>
    <property name="sun.java.launcher" value="SUN_STANDARD"/>
    <property name="user.country" value="US"/>
    <property name="sun.boot.library.path" value="/usr/lib/jvm/lib"/>
    <property name="sun.java.command" value="/home/apollo/Desktop/market-visualizer/market_visualizer/marketvisualizer/target/surefire/surefirebooter6226336987019036104.jar /home/apollo/Desktop/market-visualizer/market_visualizer/marketvisualizer/target/surefire 2025-05-13T00-09-17_622-jvmRun1 surefire17687050999136269661tmp surefire_010795520194685401702tmp"/>
    <property name="jdk.debug" value="release"/>
    <property name="surefire.test.class.path" value="/home/apollo/Desktop/market-visualizer/market_visualizer/marketvisualizer/target/test-classes:/home/apollo/Desktop/market-visualizer/market_visualizer/marketvisualizer/target/classes:/home/apollo/.m2/repository/org/openjfx/javafx-controls/17.0.2/javafx-controls-17.0.2.jar:/home/apollo/.m2/repository/org/openjfx/javafx-controls/17.0.2/javafx-controls-17.0.2-linux.jar:/home/apollo/.m2/repository/org/openjfx/javafx-graphics/17.0.2/javafx-graphics-17.0.2.jar:/home/apollo/.m2/repository/org/openjfx/javafx-graphics/17.0.2/javafx-graphics-17.0.2-linux.jar:/home/apollo/.m2/repository/org/openjfx/javafx-base/17.0.2/javafx-base-17.0.2.jar:/home/apollo/.m2/repository/org/openjfx/javafx-base/17.0.2/javafx-base-17.0.2-linux.jar:/home/apollo/.m2/repository/org/openjfx/javafx-fxml/17.0.2/javafx-fxml-17.0.2.jar:/home/apollo/.m2/repository/org/openjfx/javafx-fxml/17.0.2/javafx-fxml-17.0.2-linux.jar:/home/apollo/.m2/repository/com/jfoenix/jfoenix/9.0.10/jfoenix-9.0.10.jar:/home/apollo/.m2/repository/io/github/palexdev/materialfx/11.13.5/materialfx-11.13.5.jar:/home/apollo/.m2/repository/io/github/palexdev/virtualizedfx/11.2.6/virtualizedfx-11.2.6.jar:/home/apollo/.m2/repository/org/controlsfx/controlsfx/11.2.2/controlsfx-11.2.2.jar:/home/apollo/.m2/repository/org/reactfx/reactfx/2.0-M5/reactfx-2.0-M5.jar:/home/apollo/.m2/repository/junit/junit/4.11/junit-4.11.jar:/home/apollo/.m2/repository/org/hamcrest/hamcrest-core/1.3/hamcrest-core-1.3.jar:/home/apollo/.m2/repository/org/json/json/20140107/json-20140107.jar:"/>
    <property name="sun.cpu.endian" value="little"/>
    <property name="user.home" value="/home/apollo"/>
    <property name="user.language" value="en"/>
    <property name="java.specification.vendor" value="Oracle Corporation"/>
    <property name="java.version.date" value="2024-07-16"/>
    <property name="java.home" value="/usr/lib/jvm"/>
    <property name="file.separator" value="/"/>
    <property name="basedir" value="/home/apollo/Desktop/market-visualizer/market_visualizer/marketvisualizer"/>
    <property name="java.vm.compressedOopsMode" value="Zero based"/>
    <property name="line.separator" value="&#10;"/>
    <property name="java.vm.specification.vendor" value="Oracle Corporation"/>
    <property name="java.specification.name" value="Java Platform API Specification"/>
    <property name="surefire.real.class.path" value="/home/apollo/Desktop/market-visualizer/market_visualizer/marketvisualizer/target/surefire/surefirebooter6226336987019036104.jar"/>
    <property name="sun.management.compiler" value="HotSpot 64-Bit Tiered Compilers"/>
    <property name="java.runtime.version" value="17.0.12+7"/>
    <property name="user.name" value="apollo"/>
    <property name="path.separator" value=":"/>
    <property name="os.version" value="6.8.0-59-generic"/>
    <property name="java.runtime.name" value="OpenJDK Runtime Environment"/>
    <property name="file.encoding" value="UTF-8"/>
    <property name="java.vm.name" value="OpenJDK 64-Bit Server VM"/>
    <property name="java.vendor.version" value="Temurin-17.0.12+7"/>
    <property name="localRepository" value="/home/apollo/.m2/repository"/>
    <property name="java.vendor.url.bug" value="https://github.com/adoptium/adoptium-support/issues"/>
    <property name="java.io.tmpdir" value="/tmp"/>
    <property name="java.version" value="17.0.12"/>
    <property name="user.dir" value="/home/apollo/Desktop/market-visualizer/market_visualizer/marketvisualizer"/>
    <property name="os.arch" value="amd64"/>
    <property name="java.vm.specification.name" value="Java Virtual Machine Specification"/>
    <property name="native.encoding" value="UTF-8"/>
    <property name="java.library.path" value="/opt/oracle/instantclient_23_5:/opt/oracle/instantclient_23_5::/usr/java/packages/lib:/usr/lib64:/lib64:/lib:/usr/lib"/>
    <property name="java.vm.info" value="mixed mode, sharing"/>
    <property name="java.vendor" value="Eclipse Adoptium"/>
    <property name="java.vm.version" value="17.0.12+7"/>
    <property name="sun.io.unicode.encoding" value="UnicodeLittle"/>
    <property name="java.class.version" value="61.0"/>
  </properties>
  <testcase name="shouldAnswerWithTrue" classname="com.oussama.AppTest" time="0.01"/>
</testsuite>